<?xml version="1.0" encoding="UTF-8"?>
<testsuite name="booking.BookingRunner" tests="1" skipped="0" failures="0" errors="0" timestamp="2023-02-23T23:13:06" hostname="HARINSON-PC" time="6.373">
  <properties/>
  <testcase name="[1:7] Llamado get a para verificar estado de boking API" classname="booking.BookingRunner" time="6.373"/>
  <system-out><![CDATA[18:13:06.651 [Test worker] DEBUG com.intuit.karate.Suite - [config] classpath:karate-config.js
18:13:08.114 [Test worker] DEBUG com.intuit.karate - request:
1 > GET https://restful-booker.herokuapp.com/ping
1 > Host: restful-booker.herokuapp.com
1 > Connection: Keep-Alive
1 > User-Agent: Apache-HttpClient/4.5.13 (Java/1.8.0_342)
1 > Accept-Encoding: gzip,deflate


18:13:12.111 [Test worker] DEBUG com.intuit.karate - response time in milliseconds: 3995
1 < 201
1 < Server: Cowboy
1 < Connection: keep-alive
1 < X-Powered-By: Express
1 < Content-Type: text/plain; charset=utf-8
1 < Content-Length: 7
1 < Etag: W/"7-rM9AyJuqT6iOan/xHh+AW+7K/T8"
1 < Date: Thu, 23 Feb 2023 23:13:14 GMT
1 < Via: 1.1 vegur
Created

---------------------------------------------------------
feature: classpath:booking/CheckHealth.feature
scenarios:  1 | passed:  1 | failed:  0 | time: 4,2889
---------------------------------------------------------

Karate version: 1.3.1
======================================================
elapsed:   6,41 | threads:    1 | thread time: 4,29 
features:     1 | skipped:    0 | efficiency: 0,67
scenarios:    1 | passed:     1 | failed: 0
======================================================

HTML report: (paste into browser to view) | Karate version: 1.3.1
file:///C:/Users/Harinson-PC/Documents/PruebasTecnicaYape/APITestYape/build/karate-reports/karate-summary.html
===================================================================

]]></system-out>
  <system-err><![CDATA[]]></system-err>
</testsuite>
